CRITICAL - 2022-03-04 08:20:02 --> syntax error, unexpected end of file, expecting elseif (T_ELSEIF) or else (T_ELSE) or endif (T_ENDIF)
#0 C:\Users\neilton.silva\Desktop\ADS\code\AdminPadrao\system\View\View.php(213): CodeIgniter\View\View->CodeIgniter\View\{closure}()
#1 C:\Users\neilton.silva\Desktop\ADS\code\AdminPadrao\system\Common.php(1089): CodeIgniter\View\View->render()
#2 C:\Users\neilton.silva\Desktop\ADS\code\AdminPadrao\app\Controllers\Clientes.php(26): view()
#3 C:\Users\neilton.silva\Desktop\ADS\code\AdminPadrao\system\CodeIgniter.php(825): App\Controllers\Clientes->index()
#4 C:\Users\neilton.silva\Desktop\ADS\code\AdminPadrao\system\CodeIgniter.php(412): CodeIgniter\CodeIgniter->runController()
#5 C:\Users\neilton.silva\Desktop\ADS\code\AdminPadrao\system\CodeIgniter.php(320): CodeIgniter\CodeIgniter->handleRequest()
#6 C:\Users\neilton.silva\Desktop\ADS\code\AdminPadrao\public\index.php(37): CodeIgniter\CodeIgniter->run()
#7 C:\Users\neilton.silva\Desktop\ADS\code\AdminPadrao\system\Commands\Server\rewrite.php(43): require_once('C:\\Users\\neilto...')
#8 {main}
CRITICAL - 2022-03-04 08:21:02 --> syntax error, unexpected end of file, expecting elseif (T_ELSEIF) or else (T_ELSE) or endif (T_ENDIF)
#0 C:\Users\neilton.silva\Desktop\ADS\code\AdminPadrao\system\View\View.php(213): CodeIgniter\View\View->CodeIgniter\View\{closure}()
#1 C:\Users\neilton.silva\Desktop\ADS\code\AdminPadrao\system\Common.php(1089): CodeIgniter\View\View->render()
#2 C:\Users\neilton.silva\Desktop\ADS\code\AdminPadrao\app\Controllers\Clientes.php(26): view()
#3 C:\Users\neilton.silva\Desktop\ADS\code\AdminPadrao\system\CodeIgniter.php(825): App\Controllers\Clientes->index()
#4 C:\Users\neilton.silva\Desktop\ADS\code\AdminPadrao\system\CodeIgniter.php(412): CodeIgniter\CodeIgniter->runController()
#5 C:\Users\neilton.silva\Desktop\ADS\code\AdminPadrao\system\CodeIgniter.php(320): CodeIgniter\CodeIgniter->handleRequest()
#6 C:\Users\neilton.silva\Desktop\ADS\code\AdminPadrao\public\index.php(37): CodeIgniter\CodeIgniter->run()
#7 C:\Users\neilton.silva\Desktop\ADS\code\AdminPadrao\system\Commands\Server\rewrite.php(43): require_once('C:\\Users\\neilto...')
#8 {main}
